outputs/logs/manifest-merger-debug-report.txt
-- Merging decision tree log ---
manifest
ADDED from src/main/AndroidManifest.xml:2:1-42:12
INJECTED from src/main/AndroidManifest.xml:2:1-42:12
INJECTED from src/main/AndroidManifest.xml:2:1-42:12
INJECTED from src/main/AndroidManifest.xml:2:1-42:12
MERGED from [androidx.navigation:navigation-ui:2.3.3] AndroidManifest.xml:17:1-24:12
MERGED from [com.google.android.material:material:1.3.0] AndroidManifest.xml:17:1-24:12
MERGED from [androidx.constraintlayout:constraintlayout:2.0.4] AndroidManifest.xml:2:1-11:12
MERGED from [androidx.appcompat:appcompat:1.2.0] AndroidManifest.xml:17:1-24:12
MERGED from [androidx.cardview:cardview:1.0.0] AndroidManifest.xml:17:1-22:12
MERGED from [com.paypal.sdk:paypal-android-sdk:2.16.0] AndroidManifest.xml:2:1-28:12
MERGED from [androidx.viewpager2:viewpager2:1.0.0] AndroidManifest.xml:17:1-24:12
MERGED from [androidx.recyclerview:recyclerview:1.1.0] AndroidManifest.xml:17:1-24:12
MERGED from [de.hdodenhof:circleimageview:3.1.0] AndroidManifest.xml:2:1-11:12
MERGED from [com.google.firebase:firebase-auth:20.0.2] AndroidManifest.xml:17:1-83:12
MERGED from [com.google.firebase:firebase-functions:19.2.0] AndroidManifest.xml:2:1-24:12
MERGED from [com.google.firebase:firebase-firestore:22.1.0] AndroidManifest.xml:2:1-26:12
MERGED from [androidx.navigation:navigation-fragment:2.3.3] AndroidManifest.xml:17:1-24:12
MERGED from [com.squareup.picasso:picasso:2.71828] AndroidManifest.xml:2:1-14:12
MERGED from [com.google.firebase:firebase-storage:19.2.1] AndroidManifest.xml:15:1-39:12
MERGED from [androidx.cursoradapter:cursoradapter:1.0.0] AndroidManifest.xml:17:1-22:12
MERGED from [androidx.appcompat:appcompat-resources:1.2.0] AndroidManifest.xml:17:1-24:12
MERGED from [com.google.android.gms:play-services-auth-api-phone:17.4.0] AndroidManifest.xml:2:1-7:12
MERGED from [com.google.android.gms:play-services-safetynet:17.0.0] AndroidManifest.xml:17:1-24:12
MERGED from [com.google.firebase:firebase-auth-interop:19.0.0] AndroidManifest.xml:2:1-10:12
MERGED from [com.google.firebase:firebase-iid:20.0.1] AndroidManifest.xml:17:1-47:12
MERGED from [com.google.firebase:firebase-iid-interop:17.0.0] AndroidManifest.xml:2:1-10:12
MERGED from [com.google.firebase:firebase-database-collection:17.0.1] AndroidManifest.xml:2:1-9:12
MERGED from [com.google.android.gms:play-services-base:17.1.0] AndroidManifest.xml:17:1-29:12
MERGED from [androidx.coordinatorlayout:coordinatorlayout:1.1.0] AndroidManifest.xml:17:1-24:12
MERGED from [androidx.dynamicanimation:dynamicanimation:1.0.0] AndroidManifest.xml:17:1-22:12
MERGED from [androidx.vectordrawable:vectordrawable-animated:1.1.0] AndroidManifest.xml:17:1-24:12
MERGED from [androidx.vectordrawable:vectordrawable:1.1.0] AndroidManifest.xml:17:1-24:12
MERGED from [com.google.firebase:firebase-common:19.5.0] AndroidManifest.xml:15:1-49:12
MERGED from [com.google.android.gms:play-services-tasks:17.0.0] AndroidManifest.xml:2:1-9:12
MERGED from [com.google.android.gms:play-services-stats:17.0.0] AndroidManifest.xml:2:1-9:12
MERGED from [com.google.android.gms:play-services-basement:17.1.0] AndroidManifest.xml:17:1-28:12
MERGED from [androidx.fragment:fragment:1.2.4] AndroidManifest.xml:17:1-24:12
MERGED from [androidx.drawerlayout:drawerlayout:1.1.1] AndroidManifest.xml:17:1-24:12
MERGED from [androidx.viewpager:viewpager:1.0.0] AndroidManifest.xml:17:1-22:12
MERGED from [androidx.customview:customview:1.1.0] AndroidManifest.xml:17:1-24:12
MERGED from [androidx.transition:transition:1.3.0] AndroidManifest.xml:17:1-24:12
MERGED from [androidx.legacy:legacy-support-core-utils:1.0.0] AndroidManifest.xml:17:1-22:12
MERGED from [androidx.loader:loader:1.0.0] AndroidManifest.xml:17:1-22:12
MERGED from [androidx.navigation:navigation-runtime:2.3.3] AndroidManifest.xml:17:1-24:12
MERGED from [androidx.activity:activity:1.1.0] AndroidManifest.xml:17:1-24:12
MERGED from [androidx.navigation:navigation-common:2.3.3] AndroidManifest.xml:17:1-24:12
MERGED from [androidx.core:core:1.3.1] AndroidManifest.xml:17:1-26:12
MERGED from [androidx.localbroadcastmanager:localbroadcastmanager:1.0.0] AndroidManifest.xml:17:1-22:12
MERGED from [com.google.firebase:firebase-components:16.1.0] AndroidManifest.xml:15:1-23:12
MERGED from [androidx.exifinterface:exifinterface:1.0.0] AndroidManifest.xml:17:1-22:12
MERGED from [androidx.versionedparcelable:versionedparcelable:1.1.0] AndroidManifest.xml:17:1-27:12
MERGED from [androidx.lifecycle:lifecycle-viewmodel-savedstate:2.2.0] AndroidManifest.xml:17:1-24:12
MERGED from [androidx.lifecycle:lifecycle-viewmodel:2.2.0] AndroidManifest.xml:17:1-24:12
MERGED from [androidx.savedstate:savedstate:1.0.0] AndroidManifest.xml:17:1-24:12
MERGED from [androidx.lifecycle:lifecycle-runtime:2.2.0] AndroidManifest.xml:17:1-24:12
MERGED from [androidx.interpolator:interpolator:1.0.0] AndroidManifest.xml:17:1-22:12
MERGED from [androidx.documentfile:documentfile:1.0.0] AndroidManifest.xml:17:1-22:12
MERGED from [androidx.print:print:1.0.0] AndroidManifest.xml:17:1-22:12
MERGED from [androidx.lifecycle:lifecycle-livedata:2.0.0] AndroidManifest.xml:17:1-22:12
MERGED from [androidx.lifecycle:lifecycle-livedata-core:2.2.0] AndroidManifest.xml:17:1-24:12
MERGED from [androidx.arch.core:core-runtime:2.1.0] AndroidManifest.xml:17:1-24:12
MERGED from [io.card:android-sdk:5.5.1] AndroidManifest.xml:2:1-26:12
MERGED from [com.google.firebase:protolite-well-known-types:17.1.1] AndroidManifest.xml:2:1-11:12
MERGED from [io.grpc:grpc-android:1.28.0] AndroidManifest.xml:2:1-13:12
MERGED from [androidx.annotation:annotation-experimental:1.0.0] AndroidManifest.xml:17:1-24:12
INJECTED from src/main/AndroidManifest.xml:2:1-42:12
INJECTED from src/main/AndroidManifest.xml:2:1-42:12
INJECTED from src/main/AndroidManifest.xml:2:1-42:12
	package
		ADDED from src/main/AndroidManifest.xml:3:5-37
		INJECTED from src/main/AndroidManifest.xml
		INJECTED from src/main/AndroidManifest.xml
	android:versionName
		INJECTED from src/main/AndroidManifest.xml
		ADDED from src/main/AndroidManifest.xml:2:1-42:12
		INJECTED from src/main/AndroidManifest.xml
	android:versionCode
		INJECTED from src/main/AndroidManifest.xml
		ADDED from src/main/AndroidManifest.xml:2:1-42:12
		INJECTED from src/main/AndroidManifest.xml
	xmlns:android
		ADDED from src/main/AndroidManifest.xml:2:11-69
application
ADDED from src/main/AndroidManifest.xml:5:5-40:19
MERGED from [com.google.android.material:material:1.3.0] AndroidManifest.xml:22:5-20
MERGED from [com.google.android.material:material:1.3.0] AndroidManifest.xml:22:5-20
MERGED from [androidx.constraintlayout:constraintlayout:2.0.4] AndroidManifest.xml:9:5-20
MERGED from [androidx.constraintlayout:constraintlayout:2.0.4] AndroidManifest.xml:9:5-20
MERGED from [com.paypal.sdk:paypal-android-sdk:2.16.0] AndroidManifest.xml:12:5-26:19
MERGED from [com.paypal.sdk:paypal-android-sdk:2.16.0] AndroidManifest.xml:12:5-26:19
MERGED from [de.hdodenhof:circleimageview:3.1.0] AndroidManifest.xml:9:5-20
MERGED from [de.hdodenhof:circleimageview:3.1.0] AndroidManifest.xml:9:5-20
MERGED from [com.google.firebase:firebase-auth:20.0.2] AndroidManifest.xml:26:5-81:19
MERGED from [com.google.firebase:firebase-auth:20.0.2] AndroidManifest.xml:26:5-81:19
MERGED from [com.google.firebase:firebase-functions:19.2.0] AndroidManifest.xml:14:5-22:19
MERGED from [com.google.firebase:firebase-functions:19.2.0] AndroidManifest.xml:14:5-22:19
MERGED from [com.google.firebase:firebase-firestore:22.1.0] AndroidManifest.xml:16:5-24:19
MERGED from [com.google.firebase:firebase-firestore:22.1.0] AndroidManifest.xml:16:5-24:19
MERGED from [com.squareup.picasso:picasso:2.71828] AndroidManifest.xml:7:5-12:19
MERGED from [com.squareup.picasso:picasso:2.71828] AndroidManifest.xml:7:5-12:19
MERGED from [com.google.firebase:firebase-storage:19.2.1] AndroidManifest.xml:29:5-37:19
MERGED from [com.google.firebase:firebase-storage:19.2.1] AndroidManifest.xml:29:5-37:19
MERGED from [com.google.android.gms:play-services-safetynet:17.0.0] AndroidManifest.xml:22:5-20
MERGED from [com.google.android.gms:play-services-safetynet:17.0.0] AndroidManifest.xml:22:5-20
MERGED from [com.google.firebase:firebase-auth-interop:19.0.0] AndroidManifest.xml:7:5-8:19
MERGED from [com.google.firebase:firebase-auth-interop:19.0.0] AndroidManifest.xml:7:5-8:19
MERGED from [com.google.firebase:firebase-iid:20.0.1] AndroidManifest.xml:28:5-45:19
MERGED from [com.google.firebase:firebase-iid:20.0.1] AndroidManifest.xml:28:5-45:19
MERGED from [com.google.firebase:firebase-iid-interop:17.0.0] AndroidManifest.xml:7:5-8:19
MERGED from [com.google.firebase:firebase-iid-interop:17.0.0] AndroidManifest.xml:7:5-8:19
MERGED from [com.google.android.gms:play-services-base:17.1.0] AndroidManifest.xml:22:5-27:19
MERGED from [com.google.android.gms:play-services-base:17.1.0] AndroidManifest.xml:22:5-27:19
MERGED from [com.google.firebase:firebase-common:19.5.0] AndroidManifest.xml:25:5-47:19
MERGED from [com.google.firebase:firebase-common:19.5.0] AndroidManifest.xml:25:5-47:19
MERGED from [com.google.android.gms:play-services-tasks:17.0.0] AndroidManifest.xml:7:5-20
MERGED from [com.google.android.gms:play-services-tasks:17.0.0] AndroidManifest.xml:7:5-20
MERGED from [com.google.android.gms:play-services-stats:17.0.0] AndroidManifest.xml:7:5-20
MERGED from [com.google.android.gms:play-services-stats:17.0.0] AndroidManifest.xml:7:5-20
MERGED from [com.google.android.gms:play-services-basement:17.1.0] AndroidManifest.xml:22:5-26:19
MERGED from [com.google.android.gms:play-services-basement:17.1.0] AndroidManifest.xml:22:5-26:19
MERGED from [androidx.core:core:1.3.1] AndroidManifest.xml:24:5-89
MERGED from [androidx.core:core:1.3.1] AndroidManifest.xml:24:5-89
MERGED from [androidx.versionedparcelable:versionedparcelable:1.1.0] AndroidManifest.xml:24:5-25:19
MERGED from [androidx.versionedparcelable:versionedparcelable:1.1.0] AndroidManifest.xml:24:5-25:19
MERGED from [io.card:android-sdk:5.5.1] AndroidManifest.xml:19:5-24:19
MERGED from [io.card:android-sdk:5.5.1] AndroidManifest.xml:19:5-24:19
	android:appComponentFactory
		ADDED from [androidx.core:core:1.3.1] AndroidManifest.xml:24:18-86
	android:supportsRtl
		ADDED from src/main/AndroidManifest.xml:10:9-35
	android:label
		ADDED from src/main/AndroidManifest.xml:8:9-41
	android:roundIcon
		ADDED from src/main/AndroidManifest.xml:9:9-43
	android:icon
		ADDED from src/main/AndroidManifest.xml:7:9-38
	android:allowBackup
		ADDED from src/main/AndroidManifest.xml:6:9-35
	android:theme
		ADDED from src/main/AndroidManifest.xml:11:9-40
activity#com.example.fashionhub.ProfileDetails
ADDED from src/main/AndroidManifest.xml:12:9-61
	android:name
		ADDED from src/main/AndroidManifest.xml:12:19-49
activity#com.example.fashionhub.UpdateProduct
ADDED from src/main/AndroidManifest.xml:13:9-51
	android:name
		ADDED from src/main/AndroidManifest.xml:13:19-48
activity#com.example.fashionhub.PostList
ADDED from src/main/AndroidManifest.xml:14:9-46
	android:name
		ADDED from src/main/AndroidManifest.xml:14:19-43
activity#com.example.fashionhub.ForgotPassword
ADDED from src/main/AndroidManifest.xml:15:9-52
	android:name
		ADDED from src/main/AndroidManifest.xml:15:19-49
activity#com.example.fashionhub.AdminRole
ADDED from src/main/AndroidManifest.xml:16:9-47
	android:name
		ADDED from src/main/AndroidManifest.xml:16:19-44
activity#com.example.fashionhub.MainActivity
ADDED from src/main/AndroidManifest.xml:17:9-50
	android:name
		ADDED from src/main/AndroidManifest.xml:17:19-47
activity#com.example.fashionhub.SellerSignup
ADDED from src/main/AndroidManifest.xml:18:9-50
	android:name
		ADDED from src/main/AndroidManifest.xml:18:19-47
activity#com.example.fashionhub.User
ADDED from src/main/AndroidManifest.xml:19:9-42
	android:name
		ADDED from src/main/AndroidManifest.xml:19:19-39
activity#com.example.fashionhub.Home
ADDED from src/main/AndroidManifest.xml:20:9-24:20
	android:name
		ADDED from src/main/AndroidManifest.xml:20:19-39
meta-data#android.app.searchable
ADDED from src/main/AndroidManifest.xml:21:13-23:54
	android:resource
		ADDED from src/main/AndroidManifest.xml:23:17-51
	android:name
		ADDED from src/main/AndroidManifest.xml:22:17-54
activity#com.example.fashionhub.Orders
ADDED from src/main/AndroidManifest.xml:25:9-44
	android:name
		ADDED from src/main/AndroidManifest.xml:25:19-41
activity#com.example.fashionhub.Address
ADDED from src/main/AndroidManifest.xml:26:9-45
	android:name
		ADDED from src/main/AndroidManifest.xml:26:19-42
activity#com.example.fashionhub.OrderSummary
ADDED from src/main/AndroidManifest.xml:27:9-50
	android:name
		ADDED from src/main/AndroidManifest.xml:27:19-47
activity#com.example.fashionhub.ProductDetails
ADDED from src/main/AndroidManifest.xml:28:9-52
	android:name
		ADDED from src/main/AndroidManifest.xml:28:19-49
activity#com.example.fashionhub.AddProduct
ADDED from src/main/AndroidManifest.xml:29:9-48
	android:name
		ADDED from src/main/AndroidManifest.xml:29:19-45
activity#com.example.fashionhub.Signup
ADDED from src/main/AndroidManifest.xml:30:9-44
	android:name
		ADDED from src/main/AndroidManifest.xml:30:19-41
activity#com.example.fashionhub.Cart
ADDED from src/main/AndroidManifest.xml:31:9-42
	android:name
		ADDED from src/main/AndroidManifest.xml:31:19-39
activity#com.example.fashionhub.ThankYou
ADDED from src/main/AndroidManifest.xml:32:9-46
	android:name
		ADDED from src/main/AndroidManifest.xml:32:19-43
activity#com.example.fashionhub.Splashscreen
ADDED from src/main/AndroidManifest.xml:33:9-39:20
	android:name
		ADDED from src/main/AndroidManifest.xml:33:19-47
intent-filter#action:name:android.intent.action.MAIN+category:name:android.intent.category.LAUNCHER
ADDED from src/main/AndroidManifest.xml:34:13-38:29
action#android.intent.action.MAIN
ADDED from src/main/AndroidManifest.xml:35:17-69
	android:name
		ADDED from src/main/AndroidManifest.xml:35:25-66
category#android.intent.category.LAUNCHER
ADDED from src/main/AndroidManifest.xml:37:17-77
	android:name
		ADDED from src/main/AndroidManifest.xml:37:27-74
uses-sdk
INJECTED from src/main/AndroidManifest.xml reason: use-sdk injection requested
INJECTED from src/main/AndroidManifest.xml
INJECTED from src/main/AndroidManifest.xml
MERGED from [androidx.navigation:navigation-ui:2.3.3] AndroidManifest.xml:20:5-22:41
MERGED from [androidx.navigation:navigation-ui:2.3.3] AndroidManifest.xml:20:5-22:41
MERGED from [com.google.android.material:material:1.3.0] AndroidManifest.xml:20:5-44
MERGED from [com.google.android.material:material:1.3.0] AndroidManifest.xml:20:5-44
MERGED from [androidx.constraintlayout:constraintlayout:2.0.4] AndroidManifest.xml:5:5-7:41
MERGED from [androidx.constraintlayout:constraintlayout:2.0.4] AndroidManifest.xml:5:5-7:41
MERGED from [androidx.appcompat:appcompat:1.2.0] AndroidManifest.xml:20:5-22:41
MERGED from [androidx.appcompat:appcompat:1.2.0] AndroidManifest.xml:20:5-22:41
MERGED from [androidx.cardview:cardview:1.0.0] AndroidManifest.xml:20:5-44
MERGED from [androidx.cardview:cardview:1.0.0] AndroidManifest.xml:20:5-44
MERGED from [com.paypal.sdk:paypal-android-sdk:2.16.0] AndroidManifest.xml:5:5-7:41
MERGED from [com.paypal.sdk:paypal-android-sdk:2.16.0] AndroidManifest.xml:5:5-7:41
MERGED from [androidx.viewpager2:viewpager2:1.0.0] AndroidManifest.xml:20:5-22:41
MERGED from [androidx.viewpager2:viewpager2:1.0.0] AndroidManifest.xml:20:5-22:41
MERGED from [androidx.recyclerview:recyclerview:1.1.0] AndroidManifest.xml:20:5-22:41
MERGED from [androidx.recyclerview:recyclerview:1.1.0] AndroidManifest.xml:20:5-22:41
MERGED from [de.hdodenhof:circleimageview:3.1.0] AndroidManifest.xml:5:5-7:41
MERGED from [de.hdodenhof:circleimageview:3.1.0] AndroidManifest.xml:5:5-7:41
MERGED from [com.google.firebase:firebase-auth:20.0.2] AndroidManifest.xml:21:5-44
MERGED from [com.google.firebase:firebase-auth:20.0.2] AndroidManifest.xml:21:5-44
MERGED from [com.google.firebase:firebase-functions:19.2.0] AndroidManifest.xml:7:5-9:41
MERGED from [com.google.firebase:firebase-functions:19.2.0] AndroidManifest.xml:7:5-9:41
MERGED from [com.google.firebase:firebase-firestore:22.1.0] AndroidManifest.xml:7:5-9:41
MERGED from [com.google.firebase:firebase-firestore:22.1.0] AndroidManifest.xml:7:5-9:41
MERGED from [androidx.navigation:navigation-fragment:2.3.3] AndroidManifest.xml:20:5-22:41
MERGED from [androidx.navigation:navigation-fragment:2.3.3] AndroidManifest.xml:20:5-22:41
MERGED from [com.squareup.picasso:picasso:2.71828] AndroidManifest.xml:5:5-44
MERGED from [com.squareup.picasso:picasso:2.71828] AndroidManifest.xml:5:5-44
MERGED from [com.google.firebase:firebase-storage:19.2.1] AndroidManifest.xml:20:5-22:41
MERGED from [com.google.firebase:firebase-storage:19.2.1] AndroidManifest.xml:20:5-22:41
MERGED from [androidx.cursoradapter:cursoradapter:1.0.0] AndroidManifest.xml:20:5-44
MERGED from [androidx.cursoradapter:cursoradapter:1.0.0] AndroidManifest.xml:20:5-44
MERGED from [androidx.appcompat:appcompat-resources:1.2.0] AndroidManifest.xml:20:5-22:41
MERGED from [androidx.appcompat:appcompat-resources:1.2.0] AndroidManifest.xml:20:5-22:41
MERGED from [com.google.android.gms:play-services-auth-api-phone:17.4.0] AndroidManifest.xml:5:5-44
MERGED from [com.google.android.gms:play-services-auth-api-phone:17.4.0] AndroidManifest.xml:5:5-44
MERGED from [com.google.android.gms:play-services-safetynet:17.0.0] AndroidManifest.xml:20:5-44
MERGED from [com.google.android.gms:play-services-safetynet:17.0.0] AndroidManifest.xml:20:5-44
MERGED from [com.google.firebase:firebase-auth-interop:19.0.0] AndroidManifest.xml:5:5-44
MERGED from [com.google.firebase:firebase-auth-interop:19.0.0] AndroidManifest.xml:5:5-44
MERGED from [com.google.firebase:firebase-iid:20.0.1] AndroidManifest.xml:20:5-44
MERGED from [com.google.firebase:firebase-iid:20.0.1] AndroidManifest.xml:20:5-44
MERGED from [com.google.firebase:firebase-iid-interop:17.0.0] AndroidManifest.xml:5:5-44
MERGED from [com.google.firebase:firebase-iid-interop:17.0.0] AndroidManifest.xml:5:5-44
MERGED from [com.google.firebase:firebase-database-collection:17.0.1] AndroidManifest.xml:5:5-7:41
MERGED from [com.google.firebase:firebase-database-collection:17.0.1] AndroidManifest.xml:5:5-7:41
MERGED from [com.google.android.gms:play-services-base:17.1.0] AndroidManifest.xml:20:5-44
MERGED from [com.google.android.gms:play-services-base:17.1.0] AndroidManifest.xml:20:5-44
MERGED from [androidx.coordinatorlayout:coordinatorlayout:1.1.0] AndroidManifest.xml:20:5-22:41
MERGED from [androidx.coordinatorlayout:coordinatorlayout:1.1.0] AndroidManifest.xml:20:5-22:41
MERGED from [androidx.dynamicanimation:dynamicanimation:1.0.0] AndroidManifest.xml:20:5-44
MERGED from [androidx.dynamicanimation:dynamicanimation:1.0.0] AndroidManifest.xml:20:5-44
MERGED from [androidx.vectordrawable:vectordrawable-animated:1.1.0] AndroidManifest.xml:20:5-22:41
MERGED from [androidx.vectordrawable:vectordrawable-animated:1.1.0] AndroidManifest.xml:20:5-22:41
MERGED from [androidx.vectordrawable:vectordrawable:1.1.0] AndroidManifest.xml:20:5-22:41
MERGED from [androidx.vectordrawable:vectordrawable:1.1.0] AndroidManifest.xml:20:5-22:41
MERGED from [com.google.firebase:firebase-common:19.5.0] AndroidManifest.xml:20:5-22:41
MERGED from [com.google.firebase:firebase-common:19.5.0] AndroidManifest.xml:20:5-22:41
MERGED from [com.google.android.gms:play-services-tasks:17.0.0] AndroidManifest.xml:5:5-44
MERGED from [com.google.android.gms:play-services-tasks:17.0.0] AndroidManifest.xml:5:5-44
MERGED from [com.google.android.gms:play-services-stats:17.0.0] AndroidManifest.xml:5:5-44
MERGED from [com.google.android.gms:play-services-stats:17.0.0] AndroidManifest.xml:5:5-44
MERGED from [com.google.android.gms:play-services-basement:17.1.0] AndroidManifest.xml:20:5-44
MERGED from [com.google.android.gms:play-services-basement:17.1.0] AndroidManifest.xml:20:5-44
MERGED from [androidx.fragment:fragment:1.2.4] AndroidManifest.xml:20:5-22:41
MERGED from [androidx.fragment:fragment:1.2.4] AndroidManifest.xml:20:5-22:41
MERGED from [androidx.drawerlayout:drawerlayout:1.1.1] AndroidManifest.xml:20:5-22:41
MERGED from [androidx.drawerlayout:drawerlayout:1.1.1] AndroidManifest.xml:20:5-22:41
MERGED from [androidx.viewpager:viewpager:1.0.0] AndroidManifest.xml:20:5-44
MERGED from [androidx.viewpager:viewpager:1.0.0] AndroidManifest.xml:20:5-44
MERGED from [androidx.customview:customview:1.1.0] AndroidManifest.xml:20:5-22:41
MERGED from [androidx.customview:customview:1.1.0] AndroidManifest.xml:20:5-22:41
MERGED from [androidx.transition:transition:1.3.0] AndroidManifest.xml:20:5-22:41
MERGED from [androidx.transition:transition:1.3.0] AndroidManifest.xml:20:5-22:41
MERGED from [androidx.legacy:legacy-support-core-utils:1.0.0] AndroidManifest.xml:20:5-44
MERGED from [androidx.legacy:legacy-support-core-utils:1.0.0] AndroidManifest.xml:20:5-44
MERGED from [androidx.loader:loader:1.0.0] AndroidManifest.xml:20:5-44
MERGED from [androidx.loader:loader:1.0.0] AndroidManifest.xml:20:5-44
MERGED from [androidx.navigation:navigation-runtime:2.3.3] AndroidManifest.xml:20:5-22:41
MERGED from [androidx.navigation:navigation-runtime:2.3.3] AndroidManifest.xml:20:5-22:41
MERGED from [androidx.activity:activity:1.1.0] AndroidManifest.xml:20:5-22:41
MERGED from [androidx.activity:activity:1.1.0] AndroidManifest.xml:20:5-22:41
MERGED from [androidx.navigation:navigation-common:2.3.3] AndroidManifest.xml:20:5-22:41
MERGED from [androidx.navigation:navigation-common:2.3.3] AndroidManifest.xml:20:5-22:41
MERGED from [androidx.core:core:1.3.1] AndroidManifest.xml:20:5-22:41
MERGED from [androidx.core:core:1.3.1] AndroidManifest.xml:20:5-22:41
MERGED from [androidx.localbroadcastmanager:localbroadcastmanager:1.0.0] AndroidManifest.xml:20:5-44
MERGED from [androidx.localbroadcastmanager:localbroadcastmanager:1.0.0] AndroidManifest.xml:20:5-44
MERGED from [com.google.firebase:firebase-components:16.1.0] AndroidManifest.xml:19:5-21:41
MERGED from [com.google.firebase:firebase-components:16.1.0] AndroidManifest.xml:19:5-21:41
MERGED from [androidx.exifinterface:exifinterface:1.0.0] AndroidManifest.xml:20:5-44
MERGED from [androidx.exifinterface:exifinterface:1.0.0] AndroidManifest.xml:20:5-44
MERGED from [androidx.versionedparcelable:versionedparcelable:1.1.0] AndroidManifest.xml:20:5-22:41
MERGED from [androidx.versionedparcelable:versionedparcelable:1.1.0] AndroidManifest.xml:20:5-22:41
MERGED from [androidx.lifecycle:lifecycle-viewmodel-savedstate:2.2.0] AndroidManifest.xml:20:5-22:41
MERGED from [androidx.lifecycle:lifecycle-viewmodel-savedstate:2.2.0] AndroidManifest.xml:20:5-22:41
MERGED from [androidx.lifecycle:lifecycle-viewmodel:2.2.0] AndroidManifest.xml:20:5-22:41
MERGED from [androidx.lifecycle:lifecycle-viewmodel:2.2.0] AndroidManifest.xml:20:5-22:41
MERGED from [androidx.savedstate:savedstate:1.0.0] AndroidManifest.xml:20:5-22:41
MERGED from [androidx.savedstate:savedstate:1.0.0] AndroidManifest.xml:20:5-22:41
MERGED from [androidx.lifecycle:lifecycle-runtime:2.2.0] AndroidManifest.xml:20:5-22:41
MERGED from [androidx.lifecycle:lifecycle-runtime:2.2.0] AndroidManifest.xml:20:5-22:41
MERGED from [androidx.interpolator:interpolator:1.0.0] AndroidManifest.xml:20:5-44
MERGED from [androidx.interpolator:interpolator:1.0.0] AndroidManifest.xml:20:5-44
MERGED from [androidx.documentfile:documentfile:1.0.0] AndroidManifest.xml:20:5-44
MERGED from [androidx.documentfile:documentfile:1.0.0] AndroidManifest.xml:20:5-44
MERGED from [androidx.print:print:1.0.0] AndroidManifest.xml:20:5-44
MERGED from [androidx.print:print:1.0.0] AndroidManifest.xml:20:5-44
MERGED from [androidx.lifecycle:lifecycle-livedata:2.0.0] AndroidManifest.xml:20:5-44
MERGED from [androidx.lifecycle:lifecycle-livedata:2.0.0] AndroidManifest.xml:20:5-44
MERGED from [androidx.lifecycle:lifecycle-livedata-core:2.2.0] AndroidManifest.xml:20:5-22:41
MERGED from [androidx.lifecycle:lifecycle-livedata-core:2.2.0] AndroidManifest.xml:20:5-22:41
MERGED from [androidx.arch.core:core-runtime:2.1.0] AndroidManifest.xml:20:5-22:41
MERGED from [androidx.arch.core:core-runtime:2.1.0] AndroidManifest.xml:20:5-22:41
MERGED from [io.card:android-sdk:5.5.1] AndroidManifest.xml:5:5-7:41
MERGED from [io.card:android-sdk:5.5.1] AndroidManifest.xml:5:5-7:41
MERGED from [com.google.firebase:protolite-well-known-types:17.1.1] AndroidManifest.xml:7:5-9:41
MERGED from [com.google.firebase:protolite-well-known-types:17.1.1] AndroidManifest.xml:7:5-9:41
MERGED from [io.grpc:grpc-android:1.28.0] AndroidManifest.xml:7:5-9:41
MERGED from [io.grpc:grpc-android:1.28.0] AndroidManifest.xml:7:5-9:41
MERGED from [androidx.annotation:annotation-experimental:1.0.0] AndroidManifest.xml:20:5-22:41
MERGED from [androidx.annotation:annotation-experimental:1.0.0] AndroidManifest.xml:20:5-22:41
INJECTED from src/main/AndroidManifest.xml
INJECTED from src/main/AndroidManifest.xml
	android:targetSdkVersion
		INJECTED from src/main/AndroidManifest.xml
		ADDED from src/main/AndroidManifest.xml
		INJECTED from src/main/AndroidManifest.xml
	android:minSdkVersion
		INJECTED from src/main/AndroidManifest.xml
		ADDED from src/main/AndroidManifest.xml
		INJECTED from src/main/AndroidManifest.xml
uses-permission#android.permission.ACCESS_NETWORK_STATE
ADDED from [com.paypal.sdk:paypal-android-sdk:2.16.0] AndroidManifest.xml:9:5-79
MERGED from [com.google.firebase:firebase-auth:20.0.2] AndroidManifest.xml:24:5-79
MERGED from [com.google.firebase:firebase-auth:20.0.2] AndroidManifest.xml:24:5-79
MERGED from [com.google.firebase:firebase-firestore:22.1.0] AndroidManifest.xml:13:5-79
MERGED from [com.google.firebase:firebase-firestore:22.1.0] AndroidManifest.xml:13:5-79
MERGED from [com.google.firebase:firebase-storage:19.2.1] AndroidManifest.xml:26:5-79
MERGED from [com.google.firebase:firebase-storage:19.2.1] AndroidManifest.xml:26:5-79
MERGED from [com.google.firebase:firebase-iid:20.0.1] AndroidManifest.xml:22:5-79
MERGED from [com.google.firebase:firebase-iid:20.0.1] AndroidManifest.xml:22:5-79
MERGED from [io.grpc:grpc-android:1.28.0] AndroidManifest.xml:11:5-79
MERGED from [io.grpc:grpc-android:1.28.0] AndroidManifest.xml:11:5-79
	android:name
		ADDED from [com.paypal.sdk:paypal-android-sdk:2.16.0] AndroidManifest.xml:9:22-76
uses-permission#android.permission.INTERNET
ADDED from [com.paypal.sdk:paypal-android-sdk:2.16.0] AndroidManifest.xml:10:5-67
MERGED from [com.google.firebase:firebase-auth:20.0.2] AndroidManifest.xml:23:5-67
MERGED from [com.google.firebase:firebase-auth:20.0.2] AndroidManifest.xml:23:5-67
MERGED from [com.google.firebase:firebase-functions:19.2.0] AndroidManifest.xml:12:5-67
MERGED from [com.google.firebase:firebase-functions:19.2.0] AndroidManifest.xml:12:5-67
MERGED from [com.google.firebase:firebase-firestore:22.1.0] AndroidManifest.xml:14:5-67
MERGED from [com.google.firebase:firebase-firestore:22.1.0] AndroidManifest.xml:14:5-67
MERGED from [com.google.firebase:firebase-storage:19.2.1] AndroidManifest.xml:27:5-67
MERGED from [com.google.firebase:firebase-storage:19.2.1] AndroidManifest.xml:27:5-67
MERGED from [com.google.firebase:firebase-iid:20.0.1] AndroidManifest.xml:23:5-67
MERGED from [com.google.firebase:firebase-iid:20.0.1] AndroidManifest.xml:23:5-67
	android:name
		ADDED from [com.paypal.sdk:paypal-android-sdk:2.16.0] AndroidManifest.xml:10:22-64
activity#com.paypal.android.sdk.payments.PaymentActivity
ADDED from [com.paypal.sdk:paypal-android-sdk:2.16.0] AndroidManifest.xml:13:9-84
	android:name
		ADDED from [com.paypal.sdk:paypal-android-sdk:2.16.0] AndroidManifest.xml:13:19-81
activity#com.paypal.android.sdk.payments.PaymentMethodActivity
ADDED from [com.paypal.sdk:paypal-android-sdk:2.16.0] AndroidManifest.xml:14:9-90
	android:name
		ADDED from [com.paypal.sdk:paypal-android-sdk:2.16.0] AndroidManifest.xml:14:19-87
activity#com.paypal.android.sdk.payments.PaymentConfirmActivity
ADDED from [com.paypal.sdk:paypal-android-sdk:2.16.0] AndroidManifest.xml:15:9-91
	android:name
		ADDED from [com.paypal.sdk:paypal-android-sdk:2.16.0] AndroidManifest.xml:15:19-88
activity#com.paypal.android.sdk.payments.LoginActivity
ADDED from [com.paypal.sdk:paypal-android-sdk:2.16.0] AndroidManifest.xml:16:9-82
	android:name
		ADDED from [com.paypal.sdk:paypal-android-sdk:2.16.0] AndroidManifest.xml:16:19-79
activity#com.paypal.android.sdk.payments.PayPalFuturePaymentActivity
ADDED from [com.paypal.sdk:paypal-android-sdk:2.16.0] AndroidManifest.xml:17:9-96
	android:name
		ADDED from [com.paypal.sdk:paypal-android-sdk:2.16.0] AndroidManifest.xml:17:19-93
activity#com.paypal.android.sdk.payments.FuturePaymentConsentActivity
ADDED from [com.paypal.sdk:paypal-android-sdk:2.16.0] AndroidManifest.xml:18:9-97
	android:name
		ADDED from [com.paypal.sdk:paypal-android-sdk:2.16.0] AndroidManifest.xml:18:19-94
activity#com.paypal.android.sdk.payments.FuturePaymentInfoActivity
ADDED from [com.paypal.sdk:paypal-android-sdk:2.16.0] AndroidManifest.xml:19:9-94
	android:name
		ADDED from [com.paypal.sdk:paypal-android-sdk:2.16.0] AndroidManifest.xml:19:19-91
activity#com.paypal.android.sdk.payments.PayPalProfileSharingActivity
ADDED from [com.paypal.sdk:paypal-android-sdk:2.16.0] AndroidManifest.xml:20:9-97
	android:name
		ADDED from [com.paypal.sdk:paypal-android-sdk:2.16.0] AndroidManifest.xml:20:19-94
activity#com.paypal.android.sdk.payments.ProfileSharingConsentActivity
ADDED from [com.paypal.sdk:paypal-android-sdk:2.16.0] AndroidManifest.xml:21:9-98
	android:name
		ADDED from [com.paypal.sdk:paypal-android-sdk:2.16.0] AndroidManifest.xml:21:19-95
service#com.paypal.android.sdk.payments.PayPalService
ADDED from [com.paypal.sdk:paypal-android-sdk:2.16.0] AndroidManifest.xml:23:9-25:40
	android:exported
		ADDED from [com.paypal.sdk:paypal-android-sdk:2.16.0] AndroidManifest.xml:25:13-37
	android:name
		ADDED from [com.paypal.sdk:paypal-android-sdk:2.16.0] AndroidManifest.xml:24:13-73
activity#com.google.firebase.auth.internal.GenericIdpActivity